

Started GET "/" for 127.0.0.1 at 2016-10-16 14:44:42 -0500
  [1m[36mActiveRecord::SchemaMigration Load (0.2ms)[0m  [1mSELECT "schema_migrations".* FROM "schema_migrations"[0m
Processing by PostsController#index as HTML
  [1m[35mPost Load (0.2ms)[0m  SELECT "posts".* FROM "posts"  ORDER BY created_at DESC
  [1m[36mUser Load (0.2ms)[0m  [1mSELECT  "users".* FROM "users" WHERE "users"."id" = ? LIMIT 1[0m  [["id", 206669143]]
  [1m[35mCACHE (0.0ms)[0m  SELECT  "users".* FROM "users" WHERE "users"."id" = ? LIMIT 1  [["id", "206669143"]]
  Rendered posts/index.html.erb within layouts/application (49.2ms)
Completed 200 OK in 3597ms (Views: 3571.4ms | ActiveRecord: 1.5ms)


Started GET "/posts/143460118" for 127.0.0.1 at 2016-10-16 14:44:51 -0500
Processing by PostsController#show as HTML
  Parameters: {"id"=>"143460118"}
  [1m[36mPost Load (1.0ms)[0m  [1mSELECT  "posts".* FROM "posts" WHERE "posts"."id" = ? LIMIT 1[0m  [["id", 143460118]]
  [1m[35mComment Load (0.2ms)[0m  SELECT "comments".* FROM "comments" WHERE "comments"."post_id" = ?  [["post_id", 143460118]]
  Rendered collection (0.0ms)
  Rendered posts/show.html.erb within layouts/application (16.8ms)
Completed 200 OK in 86ms (Views: 70.9ms | ActiveRecord: 1.4ms)


Started GET "/posts/590023554" for 127.0.0.1 at 2016-10-16 14:44:56 -0500
Processing by PostsController#show as HTML
  Parameters: {"id"=>"590023554"}
  [1m[36mPost Load (0.1ms)[0m  [1mSELECT  "posts".* FROM "posts" WHERE "posts"."id" = ? LIMIT 1[0m  [["id", 590023554]]
  [1m[35mComment Load (0.2ms)[0m  SELECT "comments".* FROM "comments" WHERE "comments"."post_id" = ?  [["post_id", 590023554]]
  [1m[36mUser Load (0.2ms)[0m  [1mSELECT  "users".* FROM "users" WHERE "users"."id" = ? LIMIT 1[0m  [["id", 206669143]]
  [1m[35mCACHE (0.0ms)[0m  SELECT  "users".* FROM "users" WHERE "users"."id" = ? LIMIT 1  [["id", 206669143]]
  Rendered comments/_comment.html.erb (40.1ms)
  Rendered posts/show.html.erb within layouts/application (54.3ms)
Completed 200 OK in 117ms (Views: 114.3ms | ActiveRecord: 0.8ms)


Started GET "/users/sign_in" for 127.0.0.1 at 2016-10-16 14:45:02 -0500
Processing by Devise::SessionsController#new as HTML
  Rendered devise/shared/_links.html.erb (1.4ms)
  Rendered devise/sessions/new.html.erb within layouts/application (32.8ms)
Completed 200 OK in 99ms (Views: 84.5ms | ActiveRecord: 0.0ms)


Started GET "/users/sign_up" for 127.0.0.1 at 2016-10-16 14:45:05 -0500
Processing by Users::RegistrationsController#new as HTML
  Rendered devise/shared/_links.html.erb (0.4ms)
  Rendered devise/registrations/new.html.erb within layouts/application (46.8ms)
Completed 200 OK in 107ms (Views: 106.1ms | ActiveRecord: 0.0ms)


Started POST "/users" for 127.0.0.1 at 2016-10-16 14:45:31 -0500
Processing by Users::RegistrationsController#create as HTML
  Parameters: {"utf8"=>"✓", "authenticity_token"=>"OM34N/aTn9+pfoV26mR1LAC+nIGziyddgy7bkuQqODoQ5w8VEkNDDU5z+oSIlf7vErVhTIMokGM6F8gVsxiY+w==", "user"=>{"first_name"=>"avinash", "last_name"=>"reddy", "email"=>"avinash@test.com", "password"=>"[FILTERED]", "password_confirmation"=>"[FILTERED]"}, "commit"=>"Sign up"}
  [1m[36m (0.1ms)[0m  [1mbegin transaction[0m
  [1m[35mUser Exists (0.6ms)[0m  SELECT  1 AS one FROM "users" WHERE "users"."email" = 'avinash@test.com' LIMIT 1
  [1m[36mSQL (0.3ms)[0m  [1mINSERT INTO "users" ("email", "encrypted_password", "first_name", "last_name", "created_at", "updated_at") VALUES (?, ?, ?, ?, ?, ?)[0m  [["email", "avinash@test.com"], ["encrypted_password", "$2a$11$JpwJ3mMLuZ26OFMQFFax0.hUQS23WMgF8JBBKhD4vMZR4JUH8YLDC"], ["first_name", "avinash"], ["last_name", "reddy"], ["created_at", "2016-10-16 19:45:31.561139"], ["updated_at", "2016-10-16 19:45:31.561139"]]
  [1m[35m (57.2ms)[0m  commit transaction
  [1m[36m (0.1ms)[0m  [1mbegin transaction[0m
  [1m[35mSQL (0.2ms)[0m  UPDATE "users" SET "last_sign_in_at" = ?, "current_sign_in_at" = ?, "last_sign_in_ip" = ?, "current_sign_in_ip" = ?, "sign_in_count" = ?, "updated_at" = ? WHERE "users"."id" = ?  [["last_sign_in_at", "2016-10-16 19:45:31.621019"], ["current_sign_in_at", "2016-10-16 19:45:31.621019"], ["last_sign_in_ip", "127.0.0.1"], ["current_sign_in_ip", "127.0.0.1"], ["sign_in_count", 1], ["updated_at", "2016-10-16 19:45:31.621862"], ["id", 976965634]]
  [1m[36m (62.8ms)[0m  [1mcommit transaction[0m
Redirected to http://localhost:3000/
Completed 302 Found in 499ms (ActiveRecord: 121.4ms)


Started GET "/" for 127.0.0.1 at 2016-10-16 14:45:31 -0500
Processing by PostsController#index as HTML
  [1m[35mUser Load (0.2ms)[0m  SELECT  "users".* FROM "users" WHERE "users"."id" = ?  ORDER BY "users"."id" ASC LIMIT 1  [["id", 976965634]]
  [1m[36mPost Load (0.1ms)[0m  [1mSELECT "posts".* FROM "posts" WHERE "posts"."user_id" = ?[0m  [["user_id", "976965634"]]
  Rendered posts/index.html.erb within layouts/application (0.8ms)
Completed 200 OK in 50ms (Views: 46.8ms | ActiveRecord: 0.3ms)


Started GET "/posts/new" for 127.0.0.1 at 2016-10-16 14:45:37 -0500
Processing by PostsController#new as HTML
  [1m[35mUser Load (0.1ms)[0m  SELECT  "users".* FROM "users" WHERE "users"."id" = ?  ORDER BY "users"."id" ASC LIMIT 1  [["id", 976965634]]
  Rendered posts/_form.html.erb (12.2ms)
  Rendered posts/new.html.erb within layouts/application (14.0ms)
Completed 200 OK in 95ms (Views: 92.2ms | ActiveRecord: 0.1ms)


Started GET "/assets/ckeditor/config.js?t=G6DE" for 127.0.0.1 at 2016-10-16 14:45:37 -0500


Started GET "/assets/ckeditor/skins/moono/editor.css?t=G6DE" for 127.0.0.1 at 2016-10-16 14:45:37 -0500


Started GET "/assets/ckeditor/lang/en.js?t=G6DE" for 127.0.0.1 at 2016-10-16 14:45:37 -0500


Started GET "/assets/ckeditor/styles.js?t=G6DE" for 127.0.0.1 at 2016-10-16 14:45:37 -0500


Started GET "/assets/ckeditor/skins/moono/icons.png?t=b47abaf" for 127.0.0.1 at 2016-10-16 14:45:37 -0500


Started GET "/assets/ckeditor/contents.css?t=G6DE" for 127.0.0.1 at 2016-10-16 14:45:37 -0500


Started POST "/posts" for 127.0.0.1 at 2016-10-16 14:46:24 -0500
Processing by PostsController#create as HTML
  Parameters: {"utf8"=>"✓", "authenticity_token"=>"BlT0VYlmMrj2gublHmvvLuBbYfFIvzXDdBGOqgES4GsufgN3bbbuahGPmRd8mmTt8lCcPHgcgv3NKJ0tViBAqg==", "post"=>{"title"=>"GLOBAL WARMING", "body"=>"<p>Its one of serious which word is currently facing. Immediate action is required for this</p>\r\n"}, "commit"=>"Create Post"}
  [1m[36mUser Load (0.1ms)[0m  [1mSELECT  "users".* FROM "users" WHERE "users"."id" = ?  ORDER BY "users"."id" ASC LIMIT 1[0m  [["id", 976965634]]
  [1m[35m (0.2ms)[0m  begin transaction
  [1m[36mSQL (0.9ms)[0m  [1mINSERT INTO "posts" ("title", "body", "user_id", "created_at", "updated_at") VALUES (?, ?, ?, ?, ?)[0m  [["title", "GLOBAL WARMING"], ["body", "<p>Its one of serious which word is currently facing. Immediate action is required for this</p>\r\n"], ["user_id", "976965634"], ["created_at", "2016-10-16 19:46:24.969057"], ["updated_at", "2016-10-16 19:46:24.969057"]]
  [1m[35m (143.0ms)[0m  commit transaction
Redirected to http://localhost:3000/posts/590023555
Completed 302 Found in 152ms (ActiveRecord: 144.1ms)


Started GET "/posts/590023555" for 127.0.0.1 at 2016-10-16 14:46:25 -0500
Processing by PostsController#show as HTML
  Parameters: {"id"=>"590023555"}
  [1m[36mPost Load (0.1ms)[0m  [1mSELECT  "posts".* FROM "posts" WHERE "posts"."id" = ? LIMIT 1[0m  [["id", 590023555]]
  [1m[35mComment Load (0.1ms)[0m  SELECT "comments".* FROM "comments" WHERE "comments"."post_id" = ?  [["post_id", 590023555]]
  Rendered collection (0.0ms)
  [1m[36mUser Load (0.1ms)[0m  [1mSELECT  "users".* FROM "users" WHERE "users"."id" = ?  ORDER BY "users"."id" ASC LIMIT 1[0m  [["id", 976965634]]
  Rendered posts/show.html.erb within layouts/application (2.8ms)
Completed 200 OK in 68ms (Views: 66.5ms | ActiveRecord: 0.4ms)


Started POST "/posts/590023555/comments" for 127.0.0.1 at 2016-10-16 14:46:37 -0500
Processing by CommentsController#create as HTML
  Parameters: {"utf8"=>"✓", "authenticity_token"=>"BaFOO3rCSvyisirPcHhf6b17YsI2Wa9/7nTgPkOfCPMti7kZnhKWLkW/VT0SidQqr3CfDwb6GEFXTfO5FK2oMg==", "comment"=>{"body"=>"comment 1\r\n"}, "commit"=>"Add comment", "post_id"=>"590023555"}
  [1m[35mUser Load (0.2ms)[0m  SELECT  "users".* FROM "users" WHERE "users"."id" = ?  ORDER BY "users"."id" ASC LIMIT 1  [["id", 976965634]]
  [1m[36mPost Load (0.3ms)[0m  [1mSELECT  "posts".* FROM "posts" WHERE "posts"."id" = ? LIMIT 1[0m  [["id", 590023555]]
  [1m[35m (0.1ms)[0m  begin transaction
  [1m[36mSQL (0.8ms)[0m  [1mINSERT INTO "comments" ("body", "post_id", "user_id", "created_at", "updated_at") VALUES (?, ?, ?, ?, ?)[0m  [["body", "comment 1\r\n"], ["post_id", 590023555], ["user_id", 976965634], ["created_at", "2016-10-16 19:46:37.862090"], ["updated_at", "2016-10-16 19:46:37.862090"]]
  [1m[35m (76.1ms)[0m  commit transaction
Redirected to http://localhost:3000/posts/590023555
Completed 302 Found in 84ms (ActiveRecord: 77.5ms)


Started GET "/posts/590023555" for 127.0.0.1 at 2016-10-16 14:46:37 -0500
Processing by PostsController#show as HTML
  Parameters: {"id"=>"590023555"}
  [1m[36mPost Load (0.4ms)[0m  [1mSELECT  "posts".* FROM "posts" WHERE "posts"."id" = ? LIMIT 1[0m  [["id", 590023555]]
  [1m[35mComment Load (0.1ms)[0m  SELECT "comments".* FROM "comments" WHERE "comments"."post_id" = ?  [["post_id", 590023555]]
  [1m[36mUser Load (0.1ms)[0m  [1mSELECT  "users".* FROM "users" WHERE "users"."id" = ? LIMIT 1[0m  [["id", 976965634]]
  Rendered comments/_comment.html.erb (1.1ms)
  [1m[35mUser Load (0.1ms)[0m  SELECT  "users".* FROM "users" WHERE "users"."id" = ?  ORDER BY "users"."id" ASC LIMIT 1  [["id", 976965634]]
  Rendered posts/show.html.erb within layouts/application (4.4ms)
Completed 200 OK in 59ms (Views: 56.5ms | ActiveRecord: 0.6ms)


Started GET "/" for 127.0.0.1 at 2016-10-16 14:46:40 -0500
Processing by PostsController#index as HTML
  [1m[36mUser Load (0.2ms)[0m  [1mSELECT  "users".* FROM "users" WHERE "users"."id" = ?  ORDER BY "users"."id" ASC LIMIT 1[0m  [["id", 976965634]]
  [1m[35mPost Load (0.4ms)[0m  SELECT "posts".* FROM "posts" WHERE "posts"."user_id" = ?  [["user_id", "976965634"]]
  Rendered posts/index.html.erb within layouts/application (3.3ms)
Completed 200 OK in 87ms (Views: 83.7ms | ActiveRecord: 0.5ms)


Started GET "/posts" for 127.0.0.1 at 2016-10-16 14:46:46 -0500
Processing by PostsController#index as HTML
  [1m[36mUser Load (0.2ms)[0m  [1mSELECT  "users".* FROM "users" WHERE "users"."id" = ?  ORDER BY "users"."id" ASC LIMIT 1[0m  [["id", 976965634]]
  [1m[35mPost Load (0.2ms)[0m  SELECT "posts".* FROM "posts" WHERE "posts"."user_id" = ?  [["user_id", "976965634"]]
  Rendered posts/index.html.erb within layouts/application (18.5ms)
Completed 200 OK in 93ms (Views: 89.2ms | ActiveRecord: 0.4ms)


Started GET "/posts/590023555" for 127.0.0.1 at 2016-10-16 14:46:50 -0500
Processing by PostsController#show as HTML
  Parameters: {"id"=>"590023555"}
  [1m[36mPost Load (8.2ms)[0m  [1mSELECT  "posts".* FROM "posts" WHERE "posts"."id" = ? LIMIT 1[0m  [["id", 590023555]]
  [1m[35mComment Load (0.9ms)[0m  SELECT "comments".* FROM "comments" WHERE "comments"."post_id" = ?  [["post_id", 590023555]]
  [1m[36mUser Load (0.2ms)[0m  [1mSELECT  "users".* FROM "users" WHERE "users"."id" = ? LIMIT 1[0m  [["id", 976965634]]
  Rendered comments/_comment.html.erb (2.3ms)
  [1m[35mUser Load (0.2ms)[0m  SELECT  "users".* FROM "users" WHERE "users"."id" = ?  ORDER BY "users"."id" ASC LIMIT 1  [["id", 976965634]]
  Rendered posts/show.html.erb within layouts/application (17.2ms)
Completed 200 OK in 113ms (Views: 101.6ms | ActiveRecord: 9.5ms)


Started GET "/" for 127.0.0.1 at 2016-10-16 14:46:52 -0500
Processing by PostsController#index as HTML
  [1m[36mUser Load (0.1ms)[0m  [1mSELECT  "users".* FROM "users" WHERE "users"."id" = ?  ORDER BY "users"."id" ASC LIMIT 1[0m  [["id", 976965634]]
  [1m[35mPost Load (0.1ms)[0m  SELECT "posts".* FROM "posts" WHERE "posts"."user_id" = ?  [["user_id", "976965634"]]
  Rendered posts/index.html.erb within layouts/application (1.8ms)
Completed 200 OK in 81ms (Views: 76.5ms | ActiveRecord: 0.3ms)


Started GET "/" for 127.0.0.1 at 2016-10-16 14:48:16 -0500
Processing by PostsController#index as HTML
  [1m[36mUser Load (0.1ms)[0m  [1mSELECT  "users".* FROM "users" WHERE "users"."id" = ?  ORDER BY "users"."id" ASC LIMIT 1[0m  [["id", 976965634]]
  [1m[35mPost Load (0.1ms)[0m  SELECT "posts".* FROM "posts" WHERE "posts"."user_id" = ?  [["user_id", "976965634"]]
  Rendered posts/index.html.erb within layouts/application (1.5ms)
Completed 200 OK in 61ms (Views: 59.4ms | ActiveRecord: 0.2ms)


Started GET "/assets/comments.self-e3b0c44298fc1c149afbf4c8996fb92427ae41e4649b934ca495991b7852b855.css?body=1" for 127.0.0.1 at 2016-10-16 14:48:16 -0500


Started GET "/assets/posts.self-e3b0c44298fc1c149afbf4c8996fb92427ae41e4649b934ca495991b7852b855.css?body=1" for 127.0.0.1 at 2016-10-16 14:48:16 -0500


Started GET "/assets/application.self-3308706a9ca3e86c7dde69e19ca1773714b8123cbda4c15ae8a6478f3a7232fc.css?body=1" for 127.0.0.1 at 2016-10-16 14:48:16 -0500


Started GET "/assets/jquery.self-bd7ddd393353a8d2480a622e80342adf488fb6006d667e8b42e4c0073393abee.js?body=1" for 127.0.0.1 at 2016-10-16 14:48:16 -0500


Started GET "/assets/bootstrap/alert.self-742145c5bb847aafdadc6e339be795628f8bc25f177e851f03a8c42278eb0312.js?body=1" for 127.0.0.1 at 2016-10-16 14:48:16 -0500


Started GET "/assets/bootstrap/transition.self-6ad2488465135ab731a045a8ebbe3ea2fc501aed286042496eda1664fdd07ba9.js?body=1" for 127.0.0.1 at 2016-10-16 14:48:16 -0500


Started GET "/assets/bootstrap/carousel.self-e47323f363ceb3dc0bdbce05e36e709ed428e339833a41140a85cb0af24b8127.js?body=1" for 127.0.0.1 at 2016-10-16 14:48:16 -0500


Started GET "/assets/bootstrap/button.self-126ac9bf0e7f2d8568f8da3a00fd5f0fac6eae0946331003370161fbf8d7975e.js?body=1" for 127.0.0.1 at 2016-10-16 14:48:17 -0500


Started GET "/assets/bootstrap/dropdown.self-561cca1cbaf67474e01e9536f106bad541594860a6df997004591c1c1957a147.js?body=1" for 127.0.0.1 at 2016-10-16 14:48:17 -0500


Started GET "/assets/bootstrap/collapse.self-2eb697f62b587bb786ff940d82dd4be88cdeeaf13ca128e3da3850c5fcaec301.js?body=1" for 127.0.0.1 at 2016-10-16 14:48:17 -0500


Started GET "/assets/bootstrap/tab.self-5bf7078b682f8b131332eefa46b45fa5eff2eca745fc0d03e2991450888f7c28.js?body=1" for 127.0.0.1 at 2016-10-16 14:48:17 -0500


Started GET "/assets/bootstrap/modal.self-3e78617ade5663314b7ee0ea10375a5b34d59ffbade44939e3f2a4e4ef2019b3.js?body=1" for 127.0.0.1 at 2016-10-16 14:48:17 -0500


Started GET "/assets/bootstrap/affix.self-6d6f1a7fc5c8aabf3547fa1b794fab6268f54bc55ad815e55873c71f52513517.js?body=1" for 127.0.0.1 at 2016-10-16 14:48:17 -0500


Started GET "/assets/bootstrap/scrollspy.self-969f3c5f48cdf1e439c7fa1154c13b948715f5c689f87837c0b64521d3b46ef6.js?body=1" for 127.0.0.1 at 2016-10-16 14:48:17 -0500


Started GET "/assets/bootstrap-sprockets.self-fbfa5ad7d9aa0afe439ec4ff3883acc4cb92b62cb67c40d674320c9aa1d4642d.js?body=1" for 127.0.0.1 at 2016-10-16 14:48:17 -0500


Started GET "/assets/bootstrap/tooltip.self-05afb177e08f98997ccfc84fa08a215e4b27d48d5fe4d049080675e9dffd8199.js?body=1" for 127.0.0.1 at 2016-10-16 14:48:17 -0500


Started GET "/assets/bootstrap/popover.self-0aa93860b59fe7393f1dd490f54b3cb994f9d6155adffce034d4e14ae361b041.js?body=1" for 127.0.0.1 at 2016-10-16 14:48:17 -0500


Started GET "/assets/jquery_ujs.self-784a997f6726036b1993eb2217c9cb558e1cbb801c6da88105588c56f13b466a.js?body=1" for 127.0.0.1 at 2016-10-16 14:48:17 -0500


Started GET "/assets/turbolinks.self-c5acd7a204f5f25ce7a1d8a0e4d92e28d34c9e2df2c7371cd7af88e147e4ad82.js?body=1" for 127.0.0.1 at 2016-10-16 14:48:17 -0500


Started GET "/assets/ckeditor/config.self-89dd6757f3472a53db5cbfdc5fc705091a15b887e12681d57007869b5b0575b7.js?body=1" for 127.0.0.1 at 2016-10-16 14:48:17 -0500


Started GET "/assets/ckeditor/init.self-2f3e80b764bc18c9362e6f3326e1f32d4a8bdceff67345a3453a93b111626ff3.js?body=1" for 127.0.0.1 at 2016-10-16 14:48:17 -0500


Started GET "/assets/comments.self-4c7d06f45257014ae14a130550a1676e6388310fd9b7b2608ccb4f9d8b1388f6.js?body=1" for 127.0.0.1 at 2016-10-16 14:48:17 -0500


Started GET "/assets/jquery.autogrow.self-8dfef088da86896041077e71d371833625cdefcbf8206f1c2b677f9a95559c5d.js?body=1" for 127.0.0.1 at 2016-10-16 14:48:17 -0500


Started GET "/assets/posts.self-877aef30ae1b040ab8a3aba4e3e309a11d7f2612f44dde450b5c157aa5f95c05.js?body=1" for 127.0.0.1 at 2016-10-16 14:48:17 -0500


Started GET "/assets/application.self-7862a8a8b42407b4741a1adeeea35f0d13ddc4f702ec532adb0674491d296495.js?body=1" for 127.0.0.1 at 2016-10-16 14:48:17 -0500


Started GET "/assets/ckeditor/ckeditor.self-3bf56bf393bee65859bc77ba70e26a11bb7e07f0991ba908d1e9a37446e7022b.js?body=1" for 127.0.0.1 at 2016-10-16 14:48:17 -0500


Started GET "/posts/new" for 127.0.0.1 at 2016-10-16 14:48:28 -0500
Processing by PostsController#new as HTML
  [1m[36mUser Load (0.1ms)[0m  [1mSELECT  "users".* FROM "users" WHERE "users"."id" = ?  ORDER BY "users"."id" ASC LIMIT 1[0m  [["id", 976965634]]
  Rendered posts/_form.html.erb (16.0ms)
  Rendered posts/new.html.erb within layouts/application (17.0ms)
Completed 200 OK in 96ms (Views: 94.0ms | ActiveRecord: 0.1ms)


Started GET "/assets/ckeditor/config.js?t=G6DE" for 127.0.0.1 at 2016-10-16 14:48:28 -0500


Started GET "/assets/ckeditor/skins/moono/editor.css?t=G6DE" for 127.0.0.1 at 2016-10-16 14:48:28 -0500


Started GET "/assets/ckeditor/lang/en.js?t=G6DE" for 127.0.0.1 at 2016-10-16 14:48:28 -0500


Started GET "/assets/ckeditor/styles.js?t=G6DE" for 127.0.0.1 at 2016-10-16 14:48:28 -0500


Started GET "/assets/ckeditor/skins/moono/icons.png?t=b47abaf" for 127.0.0.1 at 2016-10-16 14:48:28 -0500


Started GET "/assets/ckeditor/contents.css?t=G6DE" for 127.0.0.1 at 2016-10-16 14:48:29 -0500


Started POST "/posts" for 127.0.0.1 at 2016-10-16 14:49:20 -0500
Processing by PostsController#create as HTML
  Parameters: {"utf8"=>"✓", "authenticity_token"=>"46B37Vx5GTxw4MJFWS6i9EmHmds57tzOjiY/S/0/Z8XLioDPuKnF7pftvbc73yk3W4xkFglNa/A3HyzMqg3HBA==", "post"=>{"title"=>"POVERTY", "body"=>"<p>PEOPLE WHOSE INCOME IS BELOW POVERTY LINE ARE CONSIDERED AS BELOW POVERTY LINE.</p>\r\n"}, "commit"=>"Create Post"}
  [1m[35mUser Load (0.1ms)[0m  SELECT  "users".* FROM "users" WHERE "users"."id" = ?  ORDER BY "users"."id" ASC LIMIT 1  [["id", 976965634]]
  [1m[36m (0.1ms)[0m  [1mbegin transaction[0m
  [1m[35mSQL (0.2ms)[0m  INSERT INTO "posts" ("title", "body", "user_id", "created_at", "updated_at") VALUES (?, ?, ?, ?, ?)  [["title", "POVERTY"], ["body", "<p>PEOPLE WHOSE INCOME IS BELOW POVERTY LINE ARE CONSIDERED AS BELOW POVERTY LINE.</p>\r\n"], ["user_id", "976965634"], ["created_at", "2016-10-16 19:49:20.625301"], ["updated_at", "2016-10-16 19:49:20.625301"]]
  [1m[36m (185.8ms)[0m  [1mcommit transaction[0m
Redirected to http://localhost:3000/posts/590023556
Completed 302 Found in 191ms (ActiveRecord: 186.1ms)


Started GET "/posts/590023556" for 127.0.0.1 at 2016-10-16 14:49:20 -0500
Processing by PostsController#show as HTML
  Parameters: {"id"=>"590023556"}
  [1m[35mPost Load (0.1ms)[0m  SELECT  "posts".* FROM "posts" WHERE "posts"."id" = ? LIMIT 1  [["id", 590023556]]
  [1m[36mComment Load (0.1ms)[0m  [1mSELECT "comments".* FROM "comments" WHERE "comments"."post_id" = ?[0m  [["post_id", 590023556]]
  Rendered collection (0.0ms)
  [1m[35mUser Load (0.1ms)[0m  SELECT  "users".* FROM "users" WHERE "users"."id" = ?  ORDER BY "users"."id" ASC LIMIT 1  [["id", 976965634]]
  Rendered posts/show.html.erb within layouts/application (3.3ms)
Completed 200 OK in 75ms (Views: 73.1ms | ActiveRecord: 0.3ms)


Started POST "/posts/590023556/comments" for 127.0.0.1 at 2016-10-16 14:49:38 -0500
Processing by CommentsController#create as HTML
  Parameters: {"utf8"=>"✓", "authenticity_token"=>"qzt++/dXAXiYMZ1tQBUl+j0S+c0nWYsLO08E/SDLJuKDEYnZE4fdqn884p8i5K45LxkEABf6PDWCdhd6d/mGIw==", "comment"=>{"body"=>"SERIOUS ISSUE\r\n\r\n\r\n\r\n\r\n"}, "commit"=>"Add comment", "post_id"=>"590023556"}
  [1m[36mUser Load (0.2ms)[0m  [1mSELECT  "users".* FROM "users" WHERE "users"."id" = ?  ORDER BY "users"."id" ASC LIMIT 1[0m  [["id", 976965634]]
  [1m[35mPost Load (0.2ms)[0m  SELECT  "posts".* FROM "posts" WHERE "posts"."id" = ? LIMIT 1  [["id", 590023556]]
  [1m[36m (0.1ms)[0m  [1mbegin transaction[0m
  [1m[35mSQL (0.3ms)[0m  INSERT INTO "comments" ("body", "post_id", "user_id", "created_at", "updated_at") VALUES (?, ?, ?, ?, ?)  [["body", "SERIOUS ISSUE\r\n\r\n\r\n\r\n\r\n"], ["post_id", 590023556], ["user_id", 976965634], ["created_at", "2016-10-16 19:49:38.032525"], ["updated_at", "2016-10-16 19:49:38.032525"]]
  [1m[36m (84.7ms)[0m  [1mcommit transaction[0m
Redirected to http://localhost:3000/posts/590023556
Completed 302 Found in 92ms (ActiveRecord: 85.5ms)


Started GET "/posts/590023556" for 127.0.0.1 at 2016-10-16 14:49:38 -0500
Processing by PostsController#show as HTML
  Parameters: {"id"=>"590023556"}
  [1m[35mPost Load (0.1ms)[0m  SELECT  "posts".* FROM "posts" WHERE "posts"."id" = ? LIMIT 1  [["id", 590023556]]
  [1m[36mComment Load (0.1ms)[0m  [1mSELECT "comments".* FROM "comments" WHERE "comments"."post_id" = ?[0m  [["post_id", 590023556]]
  [1m[35mUser Load (0.1ms)[0m  SELECT  "users".* FROM "users" WHERE "users"."id" = ? LIMIT 1  [["id", 976965634]]
  Rendered comments/_comment.html.erb (1.2ms)
  [1m[36mUser Load (0.1ms)[0m  [1mSELECT  "users".* FROM "users" WHERE "users"."id" = ?  ORDER BY "users"."id" ASC LIMIT 1[0m  [["id", 976965634]]
  Rendered posts/show.html.erb within layouts/application (4.8ms)
Completed 200 OK in 73ms (Views: 71.6ms | ActiveRecord: 0.4ms)


Started GET "/" for 127.0.0.1 at 2016-10-16 14:49:41 -0500
Processing by PostsController#index as HTML
  [1m[35mUser Load (0.1ms)[0m  SELECT  "users".* FROM "users" WHERE "users"."id" = ?  ORDER BY "users"."id" ASC LIMIT 1  [["id", 976965634]]
  [1m[36mPost Load (0.2ms)[0m  [1mSELECT "posts".* FROM "posts" WHERE "posts"."user_id" = ?[0m  [["user_id", "976965634"]]
  Rendered posts/index.html.erb within layouts/application (1.8ms)
Completed 200 OK in 84ms (Views: 81.0ms | ActiveRecord: 0.3ms)


Started DELETE "/users/sign_out" for 127.0.0.1 at 2016-10-16 14:49:46 -0500
Processing by Devise::SessionsController#destroy as HTML
  Parameters: {"authenticity_token"=>"jjvKfMuUsZ46dKY9aUmKVhMKuyzpMDvJzoKswKoTEHemET1eL0RtTN152c8LuAGVAQFG4dmTjPd3u79H/SGwtg=="}
  [1m[35mUser Load (0.1ms)[0m  SELECT  "users".* FROM "users" WHERE "users"."id" = ?  ORDER BY "users"."id" ASC LIMIT 1  [["id", 976965634]]
  [1m[36m (0.1ms)[0m  [1mbegin transaction[0m
  [1m[35m (0.1ms)[0m  commit transaction
Redirected to http://localhost:3000/
Completed 302 Found in 39ms (ActiveRecord: 0.3ms)


Started GET "/" for 127.0.0.1 at 2016-10-16 14:49:46 -0500
Processing by PostsController#index as HTML
  [1m[36mPost Load (0.2ms)[0m  [1mSELECT "posts".* FROM "posts"  ORDER BY created_at DESC[0m
  [1m[35mUser Load (0.1ms)[0m  SELECT  "users".* FROM "users" WHERE "users"."id" = ? LIMIT 1  [["id", 976965634]]
  [1m[36mCACHE (0.0ms)[0m  [1mSELECT  "users".* FROM "users" WHERE "users"."id" = ? LIMIT 1[0m  [["id", "976965634"]]
  [1m[35mUser Load (0.1ms)[0m  SELECT  "users".* FROM "users" WHERE "users"."id" = ? LIMIT 1  [["id", 206669143]]
  [1m[36mCACHE (0.0ms)[0m  [1mSELECT  "users".* FROM "users" WHERE "users"."id" = ? LIMIT 1[0m  [["id", "206669143"]]
  Rendered posts/index.html.erb within layouts/application (4.6ms)
Completed 200 OK in 73ms (Views: 71.1ms | ActiveRecord: 0.5ms)


Started GET "/" for 127.0.0.1 at 2016-10-16 14:49:51 -0500
Processing by PostsController#index as HTML
  [1m[35mPost Load (0.3ms)[0m  SELECT "posts".* FROM "posts"  ORDER BY created_at DESC
  [1m[36mUser Load (0.1ms)[0m  [1mSELECT  "users".* FROM "users" WHERE "users"."id" = ? LIMIT 1[0m  [["id", 976965634]]
  [1m[35mCACHE (0.0ms)[0m  SELECT  "users".* FROM "users" WHERE "users"."id" = ? LIMIT 1  [["id", "976965634"]]
  [1m[36mUser Load (0.1ms)[0m  [1mSELECT  "users".* FROM "users" WHERE "users"."id" = ? LIMIT 1[0m  [["id", 206669143]]
  [1m[35mCACHE (0.1ms)[0m  SELECT  "users".* FROM "users" WHERE "users"."id" = ? LIMIT 1  [["id", "206669143"]]
  Rendered posts/index.html.erb within layouts/application (10.6ms)
Completed 200 OK in 80ms (Views: 78.0ms | ActiveRecord: 0.6ms)


Started GET "/" for 127.0.0.1 at 2016-10-16 14:49:52 -0500
Processing by PostsController#index as HTML
  [1m[36mPost Load (0.3ms)[0m  [1mSELECT "posts".* FROM "posts"  ORDER BY created_at DESC[0m
  [1m[35mUser Load (0.7ms)[0m  SELECT  "users".* FROM "users" WHERE "users"."id" = ? LIMIT 1  [["id", 976965634]]
  [1m[36mCACHE (0.1ms)[0m  [1mSELECT  "users".* FROM "users" WHERE "users"."id" = ? LIMIT 1[0m  [["id", "976965634"]]
  [1m[35mUser Load (0.1ms)[0m  SELECT  "users".* FROM "users" WHERE "users"."id" = ? LIMIT 1  [["id", 206669143]]
  [1m[36mCACHE (0.0ms)[0m  [1mSELECT  "users".* FROM "users" WHERE "users"."id" = ? LIMIT 1[0m  [["id", "206669143"]]
  Rendered posts/index.html.erb within layouts/application (17.4ms)
Completed 200 OK in 76ms (Views: 73.2ms | ActiveRecord: 1.3ms)


Started GET "/" for 127.0.0.1 at 2016-10-16 14:50:00 -0500
Processing by PostsController#index as HTML
  [1m[35mPost Load (0.3ms)[0m  SELECT "posts".* FROM "posts"  ORDER BY created_at DESC
  [1m[36mUser Load (0.2ms)[0m  [1mSELECT  "users".* FROM "users" WHERE "users"."id" = ? LIMIT 1[0m  [["id", 976965634]]
  [1m[35mCACHE (0.0ms)[0m  SELECT  "users".* FROM "users" WHERE "users"."id" = ? LIMIT 1  [["id", "976965634"]]
  [1m[36mUser Load (0.2ms)[0m  [1mSELECT  "users".* FROM "users" WHERE "users"."id" = ? LIMIT 1[0m  [["id", 206669143]]
  [1m[35mCACHE (0.0ms)[0m  SELECT  "users".* FROM "users" WHERE "users"."id" = ? LIMIT 1  [["id", "206669143"]]
  Rendered posts/index.html.erb within layouts/application (8.3ms)
Completed 200 OK in 106ms (Views: 103.9ms | ActiveRecord: 0.7ms)


Started GET "/users/sign_up" for 127.0.0.1 at 2016-10-16 14:50:02 -0500
Processing by Users::RegistrationsController#new as HTML
  Rendered devise/shared/_links.html.erb (0.4ms)
  Rendered devise/registrations/new.html.erb within layouts/application (21.8ms)
Completed 200 OK in 93ms (Views: 91.9ms | ActiveRecord: 0.0ms)


Started GET "/users/sign_up" for 127.0.0.1 at 2016-10-16 14:50:09 -0500
Processing by Users::RegistrationsController#new as HTML
  Rendered devise/shared/_links.html.erb (0.3ms)
  Rendered devise/registrations/new.html.erb within layouts/application (26.5ms)
Completed 200 OK in 103ms (Views: 101.3ms | ActiveRecord: 0.0ms)


Started GET "/users/sign_up" for 127.0.0.1 at 2016-10-16 14:50:09 -0500
Processing by Users::RegistrationsController#new as HTML
  Rendered devise/shared/_links.html.erb (1.6ms)
  Rendered devise/registrations/new.html.erb within layouts/application (31.2ms)
Completed 200 OK in 115ms (Views: 113.4ms | ActiveRecord: 0.0ms)


Started POST "/users" for 127.0.0.1 at 2016-10-16 14:50:31 -0500
Processing by Users::RegistrationsController#create as HTML
  Parameters: {"utf8"=>"✓", "authenticity_token"=>"eSeVPlfcxFVEKArl9syCo6+qjwqvgIwVolw5htZQtZYq9qXOZotzebdgfK8ps9GUa2k2SrneStXdVhWgOG/rSA==", "user"=>{"first_name"=>"reddy", "last_name"=>"a", "email"=>"reddy@test.com", "password"=>"[FILTERED]", "password_confirmation"=>"[FILTERED]"}, "commit"=>"Sign up"}
  [1m[36m (0.1ms)[0m  [1mbegin transaction[0m
  [1m[35mUser Exists (0.1ms)[0m  SELECT  1 AS one FROM "users" WHERE "users"."email" = 'reddy@test.com' LIMIT 1
  [1m[36mSQL (0.2ms)[0m  [1mINSERT INTO "users" ("email", "encrypted_password", "first_name", "last_name", "created_at", "updated_at") VALUES (?, ?, ?, ?, ?, ?)[0m  [["email", "reddy@test.com"], ["encrypted_password", "$2a$11$Auc3uMUE3pV7G8fiN0ih9u1UMyZNWJuz/G/Woqmj8vhkiCIzzF23C"], ["first_name", "reddy"], ["last_name", "a"], ["created_at", "2016-10-16 19:50:31.804313"], ["updated_at", "2016-10-16 19:50:31.804313"]]
  [1m[35m (53.6ms)[0m  commit transaction
  [1m[36m (0.1ms)[0m  [1mbegin transaction[0m
  [1m[35mSQL (0.5ms)[0m  UPDATE "users" SET "last_sign_in_at" = ?, "current_sign_in_at" = ?, "last_sign_in_ip" = ?, "current_sign_in_ip" = ?, "sign_in_count" = ?, "updated_at" = ? WHERE "users"."id" = ?  [["last_sign_in_at", "2016-10-16 19:50:31.859880"], ["current_sign_in_at", "2016-10-16 19:50:31.859880"], ["last_sign_in_ip", "127.0.0.1"], ["current_sign_in_ip", "127.0.0.1"], ["sign_in_count", 1], ["updated_at", "2016-10-16 19:50:31.860667"], ["id", 976965635]]
  [1m[36m (62.2ms)[0m  [1mcommit transaction[0m
Redirected to http://localhost:3000/
Completed 302 Found in 301ms (ActiveRecord: 116.9ms)


Started GET "/" for 127.0.0.1 at 2016-10-16 14:50:31 -0500
Processing by PostsController#index as HTML
  [1m[35mUser Load (0.1ms)[0m  SELECT  "users".* FROM "users" WHERE "users"."id" = ?  ORDER BY "users"."id" ASC LIMIT 1  [["id", 976965635]]
  [1m[36mPost Load (0.1ms)[0m  [1mSELECT "posts".* FROM "posts" WHERE "posts"."user_id" = ?[0m  [["user_id", "976965635"]]
  Rendered posts/index.html.erb within layouts/application (0.5ms)
Completed 200 OK in 69ms (Views: 67.2ms | ActiveRecord: 0.2ms)


Started GET "/" for 127.0.0.1 at 2016-10-16 14:50:34 -0500
Processing by PostsController#index as HTML
  [1m[35mUser Load (0.2ms)[0m  SELECT  "users".* FROM "users" WHERE "users"."id" = ?  ORDER BY "users"."id" ASC LIMIT 1  [["id", 976965635]]
  [1m[36mPost Load (0.1ms)[0m  [1mSELECT "posts".* FROM "posts" WHERE "posts"."user_id" = ?[0m  [["user_id", "976965635"]]
  Rendered posts/index.html.erb within layouts/application (3.0ms)
Completed 200 OK in 103ms (Views: 99.9ms | ActiveRecord: 0.3ms)


Started GET "/" for 127.0.0.1 at 2016-10-16 14:50:35 -0500
Processing by PostsController#index as HTML
  [1m[35mUser Load (0.2ms)[0m  SELECT  "users".* FROM "users" WHERE "users"."id" = ?  ORDER BY "users"."id" ASC LIMIT 1  [["id", 976965635]]
  [1m[36mPost Load (0.2ms)[0m  [1mSELECT "posts".* FROM "posts" WHERE "posts"."user_id" = ?[0m  [["user_id", "976965635"]]
  Rendered posts/index.html.erb within layouts/application (1.5ms)
Completed 200 OK in 111ms (Views: 94.0ms | ActiveRecord: 0.3ms)


Started GET "/posts" for 127.0.0.1 at 2016-10-16 14:50:36 -0500
Processing by PostsController#index as HTML
  [1m[35mUser Load (0.3ms)[0m  SELECT  "users".* FROM "users" WHERE "users"."id" = ?  ORDER BY "users"."id" ASC LIMIT 1  [["id", 976965635]]
  [1m[36mPost Load (0.1ms)[0m  [1mSELECT "posts".* FROM "posts" WHERE "posts"."user_id" = ?[0m  [["user_id", "976965635"]]
  Rendered posts/index.html.erb within layouts/application (1.3ms)
Completed 200 OK in 81ms (Views: 76.4ms | ActiveRecord: 0.4ms)


Started GET "/posts" for 127.0.0.1 at 2016-10-16 14:50:37 -0500
Processing by PostsController#index as HTML
  [1m[35mUser Load (0.2ms)[0m  SELECT  "users".* FROM "users" WHERE "users"."id" = ?  ORDER BY "users"."id" ASC LIMIT 1  [["id", 976965635]]
  [1m[36mPost Load (0.1ms)[0m  [1mSELECT "posts".* FROM "posts" WHERE "posts"."user_id" = ?[0m  [["user_id", "976965635"]]
  Rendered posts/index.html.erb within layouts/application (11.8ms)
Completed 200 OK in 66ms (Views: 57.9ms | ActiveRecord: 0.3ms)


Started GET "/posts" for 127.0.0.1 at 2016-10-16 14:50:38 -0500
Processing by PostsController#index as HTML
  [1m[35mUser Load (0.2ms)[0m  SELECT  "users".* FROM "users" WHERE "users"."id" = ?  ORDER BY "users"."id" ASC LIMIT 1  [["id", 976965635]]
  [1m[36mPost Load (0.1ms)[0m  [1mSELECT "posts".* FROM "posts" WHERE "posts"."user_id" = ?[0m  [["user_id", "976965635"]]
  Rendered posts/index.html.erb within layouts/application (1.0ms)
Completed 200 OK in 76ms (Views: 73.1ms | ActiveRecord: 0.3ms)


Started GET "/" for 127.0.0.1 at 2016-10-16 14:50:40 -0500
Processing by PostsController#index as HTML
  [1m[35mUser Load (0.2ms)[0m  SELECT  "users".* FROM "users" WHERE "users"."id" = ?  ORDER BY "users"."id" ASC LIMIT 1  [["id", 976965635]]
  [1m[36mPost Load (0.1ms)[0m  [1mSELECT "posts".* FROM "posts" WHERE "posts"."user_id" = ?[0m  [["user_id", "976965635"]]
  Rendered posts/index.html.erb within layouts/application (1.1ms)
Completed 200 OK in 84ms (Views: 76.1ms | ActiveRecord: 0.3ms)


Started GET "/posts" for 127.0.0.1 at 2016-10-16 14:50:40 -0500
Processing by PostsController#index as HTML
  [1m[35mUser Load (0.1ms)[0m  SELECT  "users".* FROM "users" WHERE "users"."id" = ?  ORDER BY "users"."id" ASC LIMIT 1  [["id", 976965635]]
  [1m[36mPost Load (0.7ms)[0m  [1mSELECT "posts".* FROM "posts" WHERE "posts"."user_id" = ?[0m  [["user_id", "976965635"]]
  Rendered posts/index.html.erb within layouts/application (1.7ms)
Completed 200 OK in 93ms (Views: 85.5ms | ActiveRecord: 0.8ms)


Started GET "/" for 127.0.0.1 at 2016-10-16 14:50:41 -0500
Processing by PostsController#index as HTML
  [1m[35mUser Load (0.2ms)[0m  SELECT  "users".* FROM "users" WHERE "users"."id" = ?  ORDER BY "users"."id" ASC LIMIT 1  [["id", 976965635]]
  [1m[36mPost Load (0.1ms)[0m  [1mSELECT "posts".* FROM "posts" WHERE "posts"."user_id" = ?[0m  [["user_id", "976965635"]]
  Rendered posts/index.html.erb within layouts/application (2.0ms)
Completed 200 OK in 87ms (Views: 82.8ms | ActiveRecord: 0.3ms)


Started GET "/posts" for 127.0.0.1 at 2016-10-16 14:50:42 -0500
Processing by PostsController#index as HTML
  [1m[35mUser Load (0.2ms)[0m  SELECT  "users".* FROM "users" WHERE "users"."id" = ?  ORDER BY "users"."id" ASC LIMIT 1  [["id", 976965635]]
  [1m[36mPost Load (0.1ms)[0m  [1mSELECT "posts".* FROM "posts" WHERE "posts"."user_id" = ?[0m  [["user_id", "976965635"]]
  Rendered posts/index.html.erb within layouts/application (3.3ms)
Completed 200 OK in 72ms (Views: 69.0ms | ActiveRecord: 0.3ms)


Started GET "/" for 127.0.0.1 at 2016-10-16 14:50:43 -0500
Processing by PostsController#index as HTML
  [1m[35mUser Load (0.1ms)[0m  SELECT  "users".* FROM "users" WHERE "users"."id" = ?  ORDER BY "users"."id" ASC LIMIT 1  [["id", 976965635]]
  [1m[36mPost Load (0.1ms)[0m  [1mSELECT "posts".* FROM "posts" WHERE "posts"."user_id" = ?[0m  [["user_id", "976965635"]]
  Rendered posts/index.html.erb within layouts/application (0.6ms)
Completed 200 OK in 77ms (Views: 69.1ms | ActiveRecord: 0.2ms)


Started GET "/posts" for 127.0.0.1 at 2016-10-16 14:50:43 -0500
Processing by PostsController#index as HTML
  [1m[35mUser Load (0.2ms)[0m  SELECT  "users".* FROM "users" WHERE "users"."id" = ?  ORDER BY "users"."id" ASC LIMIT 1  [["id", 976965635]]
  [1m[36mPost Load (0.2ms)[0m  [1mSELECT "posts".* FROM "posts" WHERE "posts"."user_id" = ?[0m  [["user_id", "976965635"]]
  Rendered posts/index.html.erb within layouts/application (14.5ms)
Completed 200 OK in 79ms (Views: 76.0ms | ActiveRecord: 0.4ms)


Started GET "/" for 127.0.0.1 at 2016-10-16 14:50:45 -0500
Processing by PostsController#index as HTML
  [1m[35mUser Load (0.2ms)[0m  SELECT  "users".* FROM "users" WHERE "users"."id" = ?  ORDER BY "users"."id" ASC LIMIT 1  [["id", 976965635]]
  [1m[36mPost Load (0.1ms)[0m  [1mSELECT "posts".* FROM "posts" WHERE "posts"."user_id" = ?[0m  [["user_id", "976965635"]]
  Rendered posts/index.html.erb within layouts/application (2.2ms)
Completed 200 OK in 103ms (Views: 96.0ms | ActiveRecord: 0.3ms)


Started GET "/posts" for 127.0.0.1 at 2016-10-16 14:50:46 -0500
Processing by PostsController#index as HTML
  [1m[35mUser Load (0.1ms)[0m  SELECT  "users".* FROM "users" WHERE "users"."id" = ?  ORDER BY "users"."id" ASC LIMIT 1  [["id", 976965635]]
  [1m[36mPost Load (0.1ms)[0m  [1mSELECT "posts".* FROM "posts" WHERE "posts"."user_id" = ?[0m  [["user_id", "976965635"]]
  Rendered posts/index.html.erb within layouts/application (2.0ms)
Completed 200 OK in 75ms (Views: 71.0ms | ActiveRecord: 0.3ms)


Started GET "/" for 127.0.0.1 at 2016-10-16 14:50:48 -0500
Processing by PostsController#index as HTML
  [1m[35mUser Load (0.1ms)[0m  SELECT  "users".* FROM "users" WHERE "users"."id" = ?  ORDER BY "users"."id" ASC LIMIT 1  [["id", 976965635]]
  [1m[36mPost Load (0.2ms)[0m  [1mSELECT "posts".* FROM "posts" WHERE "posts"."user_id" = ?[0m  [["user_id", "976965635"]]
  Rendered posts/index.html.erb within layouts/application (0.9ms)
Completed 200 OK in 99ms (Views: 96.7ms | ActiveRecord: 0.3ms)


Started GET "/posts" for 127.0.0.1 at 2016-10-16 14:50:49 -0500
Processing by PostsController#index as HTML
  [1m[35mUser Load (0.1ms)[0m  SELECT  "users".* FROM "users" WHERE "users"."id" = ?  ORDER BY "users"."id" ASC LIMIT 1  [["id", 976965635]]
  [1m[36mPost Load (0.1ms)[0m  [1mSELECT "posts".* FROM "posts" WHERE "posts"."user_id" = ?[0m  [["user_id", "976965635"]]
  Rendered posts/index.html.erb within layouts/application (6.5ms)
Completed 200 OK in 85ms (Views: 71.8ms | ActiveRecord: 0.3ms)


Started GET "/posts" for 127.0.0.1 at 2016-10-16 14:50:51 -0500
Processing by PostsController#index as HTML
  [1m[35mUser Load (0.2ms)[0m  SELECT  "users".* FROM "users" WHERE "users"."id" = ?  ORDER BY "users"."id" ASC LIMIT 1  [["id", 976965635]]
  [1m[36mPost Load (0.1ms)[0m  [1mSELECT "posts".* FROM "posts" WHERE "posts"."user_id" = ?[0m  [["user_id", "976965635"]]
  Rendered posts/index.html.erb within layouts/application (4.4ms)
Completed 200 OK in 91ms (Views: 88.0ms | ActiveRecord: 0.3ms)


Started GET "/" for 127.0.0.1 at 2016-10-16 14:50:53 -0500
Processing by PostsController#index as HTML
  [1m[35mUser Load (0.2ms)[0m  SELECT  "users".* FROM "users" WHERE "users"."id" = ?  ORDER BY "users"."id" ASC LIMIT 1  [["id", 976965635]]
  [1m[36mPost Load (0.2ms)[0m  [1mSELECT "posts".* FROM "posts" WHERE "posts"."user_id" = ?[0m  [["user_id", "976965635"]]
  Rendered posts/index.html.erb within layouts/application (1.5ms)
Completed 200 OK in 110ms (Views: 103.9ms | ActiveRecord: 0.4ms)


Started GET "/" for 127.0.0.1 at 2016-10-16 15:08:21 -0500
Processing by PostsController#index as HTML
  [1m[35mUser Load (0.1ms)[0m  SELECT  "users".* FROM "users" WHERE "users"."id" = ?  ORDER BY "users"."id" ASC LIMIT 1  [["id", 976965635]]
  [1m[36mPost Load (0.1ms)[0m  [1mSELECT "posts".* FROM "posts" WHERE "posts"."user_id" = ?[0m  [["user_id", "976965635"]]
  Rendered posts/index.html.erb within layouts/application (0.9ms)
Completed 200 OK in 143ms (Views: 140.5ms | ActiveRecord: 0.3ms)


Started GET "/posts" for 127.0.0.1 at 2016-10-16 15:08:21 -0500
Processing by PostsController#index as HTML
  [1m[35mUser Load (0.2ms)[0m  SELECT  "users".* FROM "users" WHERE "users"."id" = ?  ORDER BY "users"."id" ASC LIMIT 1  [["id", 976965635]]
  [1m[36mPost Load (0.1ms)[0m  [1mSELECT "posts".* FROM "posts" WHERE "posts"."user_id" = ?[0m  [["user_id", "976965635"]]
  Rendered posts/index.html.erb within layouts/application (1.0ms)
Completed 200 OK in 69ms (Views: 64.9ms | ActiveRecord: 0.3ms)


Started GET "/" for 127.0.0.1 at 2016-10-16 15:08:24 -0500
Processing by PostsController#index as HTML
  [1m[35mUser Load (0.2ms)[0m  SELECT  "users".* FROM "users" WHERE "users"."id" = ?  ORDER BY "users"."id" ASC LIMIT 1  [["id", 976965635]]
  [1m[36mPost Load (0.1ms)[0m  [1mSELECT "posts".* FROM "posts" WHERE "posts"."user_id" = ?[0m  [["user_id", "976965635"]]
  Rendered posts/index.html.erb within layouts/application (1.2ms)
Completed 200 OK in 95ms (Views: 92.5ms | ActiveRecord: 0.3ms)


Started GET "/" for 127.0.0.1 at 2016-10-16 15:09:06 -0500
Processing by PostsController#index as HTML
  [1m[35mUser Load (0.3ms)[0m  SELECT  "users".* FROM "users" WHERE "users"."id" = ?  ORDER BY "users"."id" ASC LIMIT 1  [["id", 976965635]]
  [1m[36mPost Load (0.2ms)[0m  [1mSELECT "posts".* FROM "posts" WHERE "posts"."user_id" = ?[0m  [["user_id", "976965635"]]
  Rendered posts/index.html.erb within layouts/application (1.6ms)
Completed 200 OK in 92ms (Views: 69.6ms | ActiveRecord: 1.9ms)


Started GET "/assets/comments.self-e3b0c44298fc1c149afbf4c8996fb92427ae41e4649b934ca495991b7852b855.css?body=1" for 127.0.0.1 at 2016-10-16 15:09:07 -0500


Started GET "/assets/posts.self-e3b0c44298fc1c149afbf4c8996fb92427ae41e4649b934ca495991b7852b855.css?body=1" for 127.0.0.1 at 2016-10-16 15:09:07 -0500


Started GET "/assets/application.self-3308706a9ca3e86c7dde69e19ca1773714b8123cbda4c15ae8a6478f3a7232fc.css?body=1" for 127.0.0.1 at 2016-10-16 15:09:07 -0500


Started GET "/assets/jquery.self-bd7ddd393353a8d2480a622e80342adf488fb6006d667e8b42e4c0073393abee.js?body=1" for 127.0.0.1 at 2016-10-16 15:09:07 -0500


Started GET "/assets/bootstrap/alert.self-742145c5bb847aafdadc6e339be795628f8bc25f177e851f03a8c42278eb0312.js?body=1" for 127.0.0.1 at 2016-10-16 15:09:07 -0500


Started GET "/assets/bootstrap/transition.self-6ad2488465135ab731a045a8ebbe3ea2fc501aed286042496eda1664fdd07ba9.js?body=1" for 127.0.0.1 at 2016-10-16 15:09:07 -0500


Started GET "/assets/bootstrap/button.self-126ac9bf0e7f2d8568f8da3a00fd5f0fac6eae0946331003370161fbf8d7975e.js?body=1" for 127.0.0.1 at 2016-10-16 15:09:07 -0500


Started GET "/assets/bootstrap/carousel.self-e47323f363ceb3dc0bdbce05e36e709ed428e339833a41140a85cb0af24b8127.js?body=1" for 127.0.0.1 at 2016-10-16 15:09:07 -0500


Started GET "/assets/bootstrap/collapse.self-2eb697f62b587bb786ff940d82dd4be88cdeeaf13ca128e3da3850c5fcaec301.js?body=1" for 127.0.0.1 at 2016-10-16 15:09:07 -0500


Started GET "/assets/bootstrap/dropdown.self-561cca1cbaf67474e01e9536f106bad541594860a6df997004591c1c1957a147.js?body=1" for 127.0.0.1 at 2016-10-16 15:09:07 -0500


Started GET "/assets/bootstrap/modal.self-3e78617ade5663314b7ee0ea10375a5b34d59ffbade44939e3f2a4e4ef2019b3.js?body=1" for 127.0.0.1 at 2016-10-16 15:09:07 -0500


Started GET "/assets/bootstrap/scrollspy.self-969f3c5f48cdf1e439c7fa1154c13b948715f5c689f87837c0b64521d3b46ef6.js?body=1" for 127.0.0.1 at 2016-10-16 15:09:07 -0500


Started GET "/assets/bootstrap/tab.self-5bf7078b682f8b131332eefa46b45fa5eff2eca745fc0d03e2991450888f7c28.js?body=1" for 127.0.0.1 at 2016-10-16 15:09:07 -0500


Started GET "/assets/bootstrap/tooltip.self-05afb177e08f98997ccfc84fa08a215e4b27d48d5fe4d049080675e9dffd8199.js?body=1" for 127.0.0.1 at 2016-10-16 15:09:07 -0500


Started GET "/assets/bootstrap/affix.self-6d6f1a7fc5c8aabf3547fa1b794fab6268f54bc55ad815e55873c71f52513517.js?body=1" for 127.0.0.1 at 2016-10-16 15:09:07 -0500


Started GET "/assets/bootstrap/popover.self-0aa93860b59fe7393f1dd490f54b3cb994f9d6155adffce034d4e14ae361b041.js?body=1" for 127.0.0.1 at 2016-10-16 15:09:07 -0500


Started GET "/assets/bootstrap-sprockets.self-fbfa5ad7d9aa0afe439ec4ff3883acc4cb92b62cb67c40d674320c9aa1d4642d.js?body=1" for 127.0.0.1 at 2016-10-16 15:09:07 -0500


Started GET "/assets/turbolinks.self-c5acd7a204f5f25ce7a1d8a0e4d92e28d34c9e2df2c7371cd7af88e147e4ad82.js?body=1" for 127.0.0.1 at 2016-10-16 15:09:07 -0500


Started GET "/assets/jquery_ujs.self-784a997f6726036b1993eb2217c9cb558e1cbb801c6da88105588c56f13b466a.js?body=1" for 127.0.0.1 at 2016-10-16 15:09:07 -0500


Started GET "/assets/ckeditor/init.self-2f3e80b764bc18c9362e6f3326e1f32d4a8bdceff67345a3453a93b111626ff3.js?body=1" for 127.0.0.1 at 2016-10-16 15:09:07 -0500


Started GET "/assets/ckeditor/config.self-89dd6757f3472a53db5cbfdc5fc705091a15b887e12681d57007869b5b0575b7.js?body=1" for 127.0.0.1 at 2016-10-16 15:09:07 -0500


Started GET "/assets/ckeditor/ckeditor.self-3bf56bf393bee65859bc77ba70e26a11bb7e07f0991ba908d1e9a37446e7022b.js?body=1" for 127.0.0.1 at 2016-10-16 15:09:07 -0500


Started GET "/assets/comments.self-4c7d06f45257014ae14a130550a1676e6388310fd9b7b2608ccb4f9d8b1388f6.js?body=1" for 127.0.0.1 at 2016-10-16 15:09:07 -0500


Started GET "/assets/jquery.autogrow.self-8dfef088da86896041077e71d371833625cdefcbf8206f1c2b677f9a95559c5d.js?body=1" for 127.0.0.1 at 2016-10-16 15:09:07 -0500


Started GET "/assets/posts.self-877aef30ae1b040ab8a3aba4e3e309a11d7f2612f44dde450b5c157aa5f95c05.js?body=1" for 127.0.0.1 at 2016-10-16 15:09:07 -0500


Started GET "/assets/application.self-7862a8a8b42407b4741a1adeeea35f0d13ddc4f702ec532adb0674491d296495.js?body=1" for 127.0.0.1 at 2016-10-16 15:09:07 -0500


Started GET "/" for 127.0.0.1 at 2016-10-16 15:09:09 -0500
Processing by PostsController#index as HTML
  [1m[35mUser Load (0.2ms)[0m  SELECT  "users".* FROM "users" WHERE "users"."id" = ?  ORDER BY "users"."id" ASC LIMIT 1  [["id", 976965635]]
  [1m[36mPost Load (0.2ms)[0m  [1mSELECT "posts".* FROM "posts" WHERE "posts"."user_id" = ?[0m  [["user_id", "976965635"]]
  Rendered posts/index.html.erb within layouts/application (1.4ms)
Completed 200 OK in 80ms (Views: 74.9ms | ActiveRecord: 0.3ms)


Started GET "/posts" for 127.0.0.1 at 2016-10-16 15:09:10 -0500
Processing by PostsController#index as HTML
  [1m[35mUser Load (0.2ms)[0m  SELECT  "users".* FROM "users" WHERE "users"."id" = ?  ORDER BY "users"."id" ASC LIMIT 1  [["id", 976965635]]
  [1m[36mPost Load (0.1ms)[0m  [1mSELECT "posts".* FROM "posts" WHERE "posts"."user_id" = ?[0m  [["user_id", "976965635"]]
  Rendered posts/index.html.erb within layouts/application (1.2ms)
Completed 200 OK in 86ms (Views: 73.9ms | ActiveRecord: 0.3ms)


Started GET "/" for 127.0.0.1 at 2016-10-16 15:09:11 -0500
Processing by PostsController#index as HTML
  [1m[35mUser Load (0.1ms)[0m  SELECT  "users".* FROM "users" WHERE "users"."id" = ?  ORDER BY "users"."id" ASC LIMIT 1  [["id", 976965635]]
  [1m[36mPost Load (0.2ms)[0m  [1mSELECT "posts".* FROM "posts" WHERE "posts"."user_id" = ?[0m  [["user_id", "976965635"]]
  Rendered posts/index.html.erb within layouts/application (0.8ms)
Completed 200 OK in 66ms (Views: 62.0ms | ActiveRecord: 0.3ms)


Started GET "/posts/new" for 127.0.0.1 at 2016-10-16 15:09:12 -0500
Processing by PostsController#new as HTML
  [1m[35mUser Load (0.1ms)[0m  SELECT  "users".* FROM "users" WHERE "users"."id" = ?  ORDER BY "users"."id" ASC LIMIT 1  [["id", 976965635]]
  Rendered posts/_form.html.erb (21.8ms)
  Rendered posts/new.html.erb within layouts/application (22.6ms)
Completed 200 OK in 107ms (Views: 97.0ms | ActiveRecord: 0.3ms)


Started GET "/assets/ckeditor/config.js?t=G6DE" for 127.0.0.1 at 2016-10-16 15:09:12 -0500


Started GET "/assets/ckeditor/skins/moono/editor.css?t=G6DE" for 127.0.0.1 at 2016-10-16 15:09:12 -0500


Started GET "/assets/ckeditor/lang/en.js?t=G6DE" for 127.0.0.1 at 2016-10-16 15:09:12 -0500


Started GET "/assets/ckeditor/styles.js?t=G6DE" for 127.0.0.1 at 2016-10-16 15:09:12 -0500


Started GET "/assets/ckeditor/skins/moono/icons.png?t=b47abaf" for 127.0.0.1 at 2016-10-16 15:09:12 -0500


Started GET "/assets/ckeditor/contents.css?t=G6DE" for 127.0.0.1 at 2016-10-16 15:09:12 -0500


Started GET "/posts" for 127.0.0.1 at 2016-10-16 15:09:13 -0500
Processing by PostsController#index as HTML
  [1m[36mUser Load (0.1ms)[0m  [1mSELECT  "users".* FROM "users" WHERE "users"."id" = ?  ORDER BY "users"."id" ASC LIMIT 1[0m  [["id", 976965635]]
  [1m[35mPost Load (0.1ms)[0m  SELECT "posts".* FROM "posts" WHERE "posts"."user_id" = ?  [["user_id", "976965635"]]
  Rendered posts/index.html.erb within layouts/application (3.6ms)
Completed 200 OK in 87ms (Views: 83.9ms | ActiveRecord: 0.3ms)


Started GET "/" for 127.0.0.1 at 2016-10-16 15:09:14 -0500
Processing by PostsController#index as HTML
  [1m[36mUser Load (0.4ms)[0m  [1mSELECT  "users".* FROM "users" WHERE "users"."id" = ?  ORDER BY "users"."id" ASC LIMIT 1[0m  [["id", 976965635]]
  [1m[35mPost Load (0.1ms)[0m  SELECT "posts".* FROM "posts" WHERE "posts"."user_id" = ?  [["user_id", "976965635"]]
  Rendered posts/index.html.erb within layouts/application (2.1ms)
Completed 200 OK in 84ms (Views: 75.4ms | ActiveRecord: 0.6ms)


Started GET "/" for 127.0.0.1 at 2016-10-16 15:09:14 -0500
Processing by PostsController#index as HTML
  [1m[36mUser Load (0.6ms)[0m  [1mSELECT  "users".* FROM "users" WHERE "users"."id" = ?  ORDER BY "users"."id" ASC LIMIT 1[0m  [["id", 976965635]]
  [1m[35mPost Load (0.1ms)[0m  SELECT "posts".* FROM "posts" WHERE "posts"."user_id" = ?  [["user_id", "976965635"]]
  Rendered posts/index.html.erb within layouts/application (1.3ms)
Completed 200 OK in 103ms (Views: 92.6ms | ActiveRecord: 0.8ms)


Started GET "/" for 127.0.0.1 at 2016-10-16 15:10:42 -0500
Processing by PostsController#index as HTML
  [1m[36mUser Load (0.2ms)[0m  [1mSELECT  "users".* FROM "users" WHERE "users"."id" = ?  ORDER BY "users"."id" ASC LIMIT 1[0m  [["id", 976965635]]
  [1m[35mPost Load (0.2ms)[0m  SELECT "posts".* FROM "posts"  ORDER BY created_at DESC
  [1m[36mUser Load (0.2ms)[0m  [1mSELECT  "users".* FROM "users" WHERE "users"."id" = ? LIMIT 1[0m  [["id", 976965634]]
  [1m[35mCACHE (0.0ms)[0m  SELECT  "users".* FROM "users" WHERE "users"."id" = ? LIMIT 1  [["id", "976965634"]]
  [1m[36mUser Load (0.1ms)[0m  [1mSELECT  "users".* FROM "users" WHERE "users"."id" = ? LIMIT 1[0m  [["id", 206669143]]
  [1m[35mCACHE (0.0ms)[0m  SELECT  "users".* FROM "users" WHERE "users"."id" = ? LIMIT 1  [["id", "206669143"]]
  Rendered posts/index.html.erb within layouts/application (12.1ms)
Completed 200 OK in 77ms (Views: 57.6ms | ActiveRecord: 1.8ms)


Started GET "/" for 127.0.0.1 at 2016-10-16 15:11:31 -0500
Processing by PostsController#index as HTML
  [1m[36mPost Load (0.5ms)[0m  [1mSELECT "posts".* FROM "posts"  ORDER BY created_at DESC[0m
  [1m[35mUser Load (0.3ms)[0m  SELECT  "users".* FROM "users" WHERE "users"."id" = ? LIMIT 1  [["id", 976965634]]
  [1m[36mCACHE (0.0ms)[0m  [1mSELECT  "users".* FROM "users" WHERE "users"."id" = ? LIMIT 1[0m  [["id", "976965634"]]
  [1m[35mUser Load (0.1ms)[0m  SELECT  "users".* FROM "users" WHERE "users"."id" = ? LIMIT 1  [["id", 206669143]]
  [1m[36mCACHE (0.1ms)[0m  [1mSELECT  "users".* FROM "users" WHERE "users"."id" = ? LIMIT 1[0m  [["id", "206669143"]]
  Rendered posts/index.html.erb within layouts/application (31.7ms)
  [1m[35mUser Load (0.2ms)[0m  SELECT  "users".* FROM "users" WHERE "users"."id" = ?  ORDER BY "users"."id" ASC LIMIT 1  [["id", 976965635]]
Completed 200 OK in 95ms (Views: 89.3ms | ActiveRecord: 1.7ms)


Started GET "/assets/comments.self-e3b0c44298fc1c149afbf4c8996fb92427ae41e4649b934ca495991b7852b855.css?body=1" for 127.0.0.1 at 2016-10-16 15:11:31 -0500


Started GET "/assets/posts.self-e3b0c44298fc1c149afbf4c8996fb92427ae41e4649b934ca495991b7852b855.css?body=1" for 127.0.0.1 at 2016-10-16 15:11:31 -0500


Started GET "/assets/application.self-3308706a9ca3e86c7dde69e19ca1773714b8123cbda4c15ae8a6478f3a7232fc.css?body=1" for 127.0.0.1 at 2016-10-16 15:11:31 -0500


Started GET "/assets/jquery.self-bd7ddd393353a8d2480a622e80342adf488fb6006d667e8b42e4c0073393abee.js?body=1" for 127.0.0.1 at 2016-10-16 15:11:31 -0500


Started GET "/assets/bootstrap/alert.self-742145c5bb847aafdadc6e339be795628f8bc25f177e851f03a8c42278eb0312.js?body=1" for 127.0.0.1 at 2016-10-16 15:11:31 -0500


Started GET "/assets/bootstrap/transition.self-6ad2488465135ab731a045a8ebbe3ea2fc501aed286042496eda1664fdd07ba9.js?body=1" for 127.0.0.1 at 2016-10-16 15:11:31 -0500


Started GET "/assets/bootstrap/button.self-126ac9bf0e7f2d8568f8da3a00fd5f0fac6eae0946331003370161fbf8d7975e.js?body=1" for 127.0.0.1 at 2016-10-16 15:11:31 -0500


Started GET "/assets/bootstrap/carousel.self-e47323f363ceb3dc0bdbce05e36e709ed428e339833a41140a85cb0af24b8127.js?body=1" for 127.0.0.1 at 2016-10-16 15:11:31 -0500


Started GET "/assets/bootstrap/collapse.self-2eb697f62b587bb786ff940d82dd4be88cdeeaf13ca128e3da3850c5fcaec301.js?body=1" for 127.0.0.1 at 2016-10-16 15:11:31 -0500


Started GET "/assets/bootstrap/dropdown.self-561cca1cbaf67474e01e9536f106bad541594860a6df997004591c1c1957a147.js?body=1" for 127.0.0.1 at 2016-10-16 15:11:31 -0500


Started GET "/assets/bootstrap/modal.self-3e78617ade5663314b7ee0ea10375a5b34d59ffbade44939e3f2a4e4ef2019b3.js?body=1" for 127.0.0.1 at 2016-10-16 15:11:31 -0500


Started GET "/assets/bootstrap/tab.self-5bf7078b682f8b131332eefa46b45fa5eff2eca745fc0d03e2991450888f7c28.js?body=1" for 127.0.0.1 at 2016-10-16 15:11:31 -0500


Started GET "/assets/bootstrap/affix.self-6d6f1a7fc5c8aabf3547fa1b794fab6268f54bc55ad815e55873c71f52513517.js?body=1" for 127.0.0.1 at 2016-10-16 15:11:31 -0500


Started GET "/assets/bootstrap/scrollspy.self-969f3c5f48cdf1e439c7fa1154c13b948715f5c689f87837c0b64521d3b46ef6.js?body=1" for 127.0.0.1 at 2016-10-16 15:11:31 -0500


Started GET "/assets/bootstrap/tooltip.self-05afb177e08f98997ccfc84fa08a215e4b27d48d5fe4d049080675e9dffd8199.js?body=1" for 127.0.0.1 at 2016-10-16 15:11:31 -0500


Started GET "/assets/bootstrap/popover.self-0aa93860b59fe7393f1dd490f54b3cb994f9d6155adffce034d4e14ae361b041.js?body=1" for 127.0.0.1 at 2016-10-16 15:11:31 -0500


Started GET "/assets/bootstrap-sprockets.self-fbfa5ad7d9aa0afe439ec4ff3883acc4cb92b62cb67c40d674320c9aa1d4642d.js?body=1" for 127.0.0.1 at 2016-10-16 15:11:31 -0500


Started GET "/assets/turbolinks.self-c5acd7a204f5f25ce7a1d8a0e4d92e28d34c9e2df2c7371cd7af88e147e4ad82.js?body=1" for 127.0.0.1 at 2016-10-16 15:11:31 -0500


Started GET "/assets/jquery_ujs.self-784a997f6726036b1993eb2217c9cb558e1cbb801c6da88105588c56f13b466a.js?body=1" for 127.0.0.1 at 2016-10-16 15:11:31 -0500


Started GET "/assets/ckeditor/init.self-2f3e80b764bc18c9362e6f3326e1f32d4a8bdceff67345a3453a93b111626ff3.js?body=1" for 127.0.0.1 at 2016-10-16 15:11:31 -0500


Started GET "/assets/jquery.autogrow.self-8dfef088da86896041077e71d371833625cdefcbf8206f1c2b677f9a95559c5d.js?body=1" for 127.0.0.1 at 2016-10-16 15:11:32 -0500


Started GET "/assets/ckeditor/config.self-89dd6757f3472a53db5cbfdc5fc705091a15b887e12681d57007869b5b0575b7.js?body=1" for 127.0.0.1 at 2016-10-16 15:11:32 -0500


Started GET "/assets/comments.self-4c7d06f45257014ae14a130550a1676e6388310fd9b7b2608ccb4f9d8b1388f6.js?body=1" for 127.0.0.1 at 2016-10-16 15:11:32 -0500


Started GET "/assets/posts.self-877aef30ae1b040ab8a3aba4e3e309a11d7f2612f44dde450b5c157aa5f95c05.js?body=1" for 127.0.0.1 at 2016-10-16 15:11:32 -0500


Started GET "/assets/application.self-7862a8a8b42407b4741a1adeeea35f0d13ddc4f702ec532adb0674491d296495.js?body=1" for 127.0.0.1 at 2016-10-16 15:11:32 -0500


Started GET "/assets/ckeditor/ckeditor.self-3bf56bf393bee65859bc77ba70e26a11bb7e07f0991ba908d1e9a37446e7022b.js?body=1" for 127.0.0.1 at 2016-10-16 15:11:32 -0500


Started DELETE "/users/sign_out" for 127.0.0.1 at 2016-10-16 15:11:34 -0500
Processing by Devise::SessionsController#destroy as HTML
  Parameters: {"authenticity_token"=>"wmkZYi6WjGD5hFpezDocTPO7V7uPiE1HRbKC8oa/7iyRuCmSH8E7TArMLBQTRU97N3ju+5nWi4c6uK7UaICw8g=="}
  [1m[36mUser Load (0.2ms)[0m  [1mSELECT  "users".* FROM "users" WHERE "users"."id" = ?  ORDER BY "users"."id" ASC LIMIT 1[0m  [["id", 976965635]]
  [1m[35m (0.2ms)[0m  begin transaction
  [1m[36m (0.1ms)[0m  [1mcommit transaction[0m
Redirected to http://localhost:3000/
Completed 302 Found in 9ms (ActiveRecord: 0.4ms)


Started GET "/" for 127.0.0.1 at 2016-10-16 15:11:34 -0500
Processing by PostsController#index as HTML
  [1m[35mPost Load (0.3ms)[0m  SELECT "posts".* FROM "posts"  ORDER BY created_at DESC
  [1m[36mUser Load (0.1ms)[0m  [1mSELECT  "users".* FROM "users" WHERE "users"."id" = ? LIMIT 1[0m  [["id", 976965634]]
  [1m[35mCACHE (0.0ms)[0m  SELECT  "users".* FROM "users" WHERE "users"."id" = ? LIMIT 1  [["id", "976965634"]]
  [1m[36mUser Load (0.1ms)[0m  [1mSELECT  "users".* FROM "users" WHERE "users"."id" = ? LIMIT 1[0m  [["id", 206669143]]
  [1m[35mCACHE (0.0ms)[0m  SELECT  "users".* FROM "users" WHERE "users"."id" = ? LIMIT 1  [["id", "206669143"]]
  Rendered posts/index.html.erb within layouts/application (7.6ms)
Completed 200 OK in 56ms (Views: 54.7ms | ActiveRecord: 0.6ms)


Started GET "/" for 127.0.0.1 at 2016-10-16 15:11:37 -0500
Processing by PostsController#index as HTML
  [1m[36mPost Load (0.2ms)[0m  [1mSELECT "posts".* FROM "posts"  ORDER BY created_at DESC[0m
  [1m[35mUser Load (0.1ms)[0m  SELECT  "users".* FROM "users" WHERE "users"."id" = ? LIMIT 1  [["id", 976965634]]
  [1m[36mCACHE (0.0ms)[0m  [1mSELECT  "users".* FROM "users" WHERE "users"."id" = ? LIMIT 1[0m  [["id", "976965634"]]
  [1m[35mUser Load (0.1ms)[0m  SELECT  "users".* FROM "users" WHERE "users"."id" = ? LIMIT 1  [["id", 206669143]]
  [1m[36mCACHE (0.0ms)[0m  [1mSELECT  "users".* FROM "users" WHERE "users"."id" = ? LIMIT 1[0m  [["id", "206669143"]]
  Rendered posts/index.html.erb within layouts/application (7.2ms)
Completed 200 OK in 85ms (Views: 84.0ms | ActiveRecord: 0.5ms)


Started GET "/posts" for 127.0.0.1 at 2016-10-16 15:11:38 -0500
Processing by PostsController#index as HTML
  [1m[35mPost Load (0.4ms)[0m  SELECT "posts".* FROM "posts"  ORDER BY created_at DESC
  [1m[36mUser Load (0.1ms)[0m  [1mSELECT  "users".* FROM "users" WHERE "users"."id" = ? LIMIT 1[0m  [["id", 976965634]]
  [1m[35mCACHE (0.0ms)[0m  SELECT  "users".* FROM "users" WHERE "users"."id" = ? LIMIT 1  [["id", "976965634"]]
  [1m[36mUser Load (0.1ms)[0m  [1mSELECT  "users".* FROM "users" WHERE "users"."id" = ? LIMIT 1[0m  [["id", 206669143]]
  [1m[35mCACHE (0.0ms)[0m  SELECT  "users".* FROM "users" WHERE "users"."id" = ? LIMIT 1  [["id", "206669143"]]
  Rendered posts/index.html.erb within layouts/application (7.8ms)
Completed 200 OK in 83ms (Views: 80.2ms | ActiveRecord: 0.7ms)


Started GET "/" for 127.0.0.1 at 2016-10-16 15:11:39 -0500
Processing by PostsController#index as HTML
  [1m[36mPost Load (0.3ms)[0m  [1mSELECT "posts".* FROM "posts"  ORDER BY created_at DESC[0m
  [1m[35mUser Load (0.1ms)[0m  SELECT  "users".* FROM "users" WHERE "users"."id" = ? LIMIT 1  [["id", 976965634]]
  [1m[36mCACHE (0.0ms)[0m  [1mSELECT  "users".* FROM "users" WHERE "users"."id" = ? LIMIT 1[0m  [["id", "976965634"]]
  [1m[35mUser Load (0.1ms)[0m  SELECT  "users".* FROM "users" WHERE "users"."id" = ? LIMIT 1  [["id", 206669143]]
  [1m[36mCACHE (0.0ms)[0m  [1mSELECT  "users".* FROM "users" WHERE "users"."id" = ? LIMIT 1[0m  [["id", "206669143"]]
  Rendered posts/index.html.erb within layouts/application (10.8ms)
Completed 200 OK in 80ms (Views: 79.0ms | ActiveRecord: 0.6ms)


Started GET "/posts/590023556" for 127.0.0.1 at 2016-10-16 15:11:41 -0500
Processing by PostsController#show as HTML
  Parameters: {"id"=>"590023556"}
  [1m[35mPost Load (0.3ms)[0m  SELECT  "posts".* FROM "posts" WHERE "posts"."id" = ? LIMIT 1  [["id", 590023556]]
  [1m[36mComment Load (0.3ms)[0m  [1mSELECT "comments".* FROM "comments" WHERE "comments"."post_id" = ?[0m  [["post_id", 590023556]]
  [1m[35mUser Load (1.5ms)[0m  SELECT  "users".* FROM "users" WHERE "users"."id" = ? LIMIT 1  [["id", 976965634]]
  Rendered comments/_comment.html.erb (7.7ms)
  Rendered posts/show.html.erb within layouts/application (31.6ms)
Completed 200 OK in 104ms (Views: 89.7ms | ActiveRecord: 2.5ms)


Started GET "/posts" for 127.0.0.1 at 2016-10-16 15:11:45 -0500
Processing by PostsController#index as HTML
  [1m[36mPost Load (0.3ms)[0m  [1mSELECT "posts".* FROM "posts"  ORDER BY created_at DESC[0m
  [1m[35mUser Load (0.1ms)[0m  SELECT  "users".* FROM "users" WHERE "users"."id" = ? LIMIT 1  [["id", 976965634]]
  [1m[36mCACHE (0.0ms)[0m  [1mSELECT  "users".* FROM "users" WHERE "users"."id" = ? LIMIT 1[0m  [["id", "976965634"]]
  [1m[35mUser Load (0.1ms)[0m  SELECT  "users".* FROM "users" WHERE "users"."id" = ? LIMIT 1  [["id", 206669143]]
  [1m[36mCACHE (0.0ms)[0m  [1mSELECT  "users".* FROM "users" WHERE "users"."id" = ? LIMIT 1[0m  [["id", "206669143"]]
  Rendered posts/index.html.erb within layouts/application (9.2ms)
Completed 200 OK in 102ms (Views: 100.7ms | ActiveRecord: 0.7ms)


Started GET "/posts/590023554" for 127.0.0.1 at 2016-10-16 15:11:50 -0500
Processing by PostsController#show as HTML
  Parameters: {"id"=>"590023554"}
  [1m[35mPost Load (0.1ms)[0m  SELECT  "posts".* FROM "posts" WHERE "posts"."id" = ? LIMIT 1  [["id", 590023554]]
  [1m[36mComment Load (0.1ms)[0m  [1mSELECT "comments".* FROM "comments" WHERE "comments"."post_id" = ?[0m  [["post_id", 590023554]]
  [1m[35mUser Load (0.1ms)[0m  SELECT  "users".* FROM "users" WHERE "users"."id" = ? LIMIT 1  [["id", 206669143]]
  [1m[36mCACHE (0.0ms)[0m  [1mSELECT  "users".* FROM "users" WHERE "users"."id" = ? LIMIT 1[0m  [["id", 206669143]]
  Rendered comments/_comment.html.erb (13.0ms)
  Rendered posts/show.html.erb within layouts/application (21.3ms)
Completed 200 OK in 78ms (Views: 76.1ms | ActiveRecord: 0.4ms)
